nohup: ignoring input
[START] updated_date=2023-05-17
[START] updated_date=2023-05-29
[START] updated_date=2023-05-30
[START] updated_date=2023-08-05
[START] updated_date=2023-08-06
[START] updated_date=2023-08-07
[START] updated_date=2023-08-08
[START] updated_date=2023-08-12
DONE
DONE
DONE
DONE
DONE
DONE
DONE
DONE
[DONE] updated_date=2023-08-05
[START] updated_date=2023-08-13
[DONE] updated_date=2023-05-17
[START] updated_date=2023-11-12
[DONE] updated_date=2023-08-07
[START] updated_date=2023-11-22
[DONE] updated_date=2023-08-12
[START] updated_date=2023-11-26
[DONE] updated_date=2023-08-08
[START] updated_date=2023-12-10
[DONE] updated_date=2023-05-29
[START] updated_date=2023-12-11
[DONE] updated_date=2023-05-30
[START] updated_date=2023-12-13
[DONE] updated_date=2023-08-06
[START] updated_date=2023-12-14
DONE
DONE
DONE
DONE
DONE
DONE
DONE
[DONE] updated_date=2023-11-12
[START] updated_date=2023-12-15
DONE
[DONE] updated_date=2023-08-13
[START] updated_date=2023-12-16
[DONE] updated_date=2023-11-26
[START] updated_date=2024-01-06
[DONE] updated_date=2023-11-22
[START] updated_date=2024-01-07
[DONE] updated_date=2023-12-13
[START] updated_date=2024-01-08
[DONE] updated_date=2023-12-11
[START] updated_date=2024-01-09
[DONE] updated_date=2023-12-10
[START] updated_date=2024-01-10
[DONE] updated_date=2023-12-14
[START] updated_date=2024-01-11
DONE
DONE
DONE
DONE
DONE
DONE
[DONE] updated_date=2023-12-16
[START] updated_date=2024-01-12
[DONE] updated_date=2024-01-08
[START] updated_date=2024-01-13
[DONE] updated_date=2024-01-07
[START] updated_date=2024-01-14
[DONE] updated_date=2023-12-15
[START] updated_date=2024-01-15
[DONE] updated_date=2024-01-09
[DONE] updated_date=2024-01-10
[START] updated_date=2024-01-17
[START] updated_date=2024-01-18
DONE
DONE
[DONE] updated_date=2024-01-06
[START] updated_date=2024-01-22
[DONE] updated_date=2024-01-11
[START] updated_date=2024-01-23
DONE
DONE
DONE
DONE
DONE
DONE
[DONE] updated_date=2024-01-12
[START] updated_date=2024-01-24
[DONE] updated_date=2024-01-13
[START] updated_date=2024-01-25
DONE
[DONE] updated_date=2024-01-18
[DONE] updated_date=2024-01-17
[START] updated_date=2024-01-26
[START] updated_date=2024-01-27
[DONE] updated_date=2024-01-15
[START] updated_date=2024-01-28
[DONE] updated_date=2024-01-14
[START] updated_date=2024-01-29
DONE
[DONE] updated_date=2024-01-22
[START] updated_date=2024-01-30
[DONE] updated_date=2024-01-23
[START] updated_date=2024-01-31
DONE
DONE
DONE
DONE
DONE
DONE
[DONE] updated_date=2024-01-28
[START] updated_date=2024-02-01
[DONE] updated_date=2024-01-24
[START] updated_date=2024-02-02
DONE
[DONE] updated_date=2024-01-26
[START] updated_date=2024-02-03
[DONE] updated_date=2024-01-25
[START] updated_date=2024-02-04
[DONE] updated_date=2024-01-29
[DONE] updated_date=2024-01-27
[START] updated_date=2024-02-05
[START] updated_date=2024-02-06
DONE
[DONE] updated_date=2024-01-30
[START] updated_date=2024-02-07
[DONE] updated_date=2024-01-31
[START] updated_date=2024-02-08
DONE
DONE
DONE
DONE
DONE
DONE
[DONE] updated_date=2024-02-03
[DONE] updated_date=2024-02-02
[START] updated_date=2024-02-09
[START] updated_date=2024-02-10
[DONE] updated_date=2024-02-04
[START] updated_date=2024-02-13
[DONE] updated_date=2024-02-06
[START] updated_date=2024-02-14
[DONE] updated_date=2024-02-05
[DONE] updated_date=2024-02-01
[START] updated_date=2024-02-19
[START] updated_date=2024-02-20
DONE
DONE
[DONE] updated_date=2024-02-07
[START] updated_date=2024-02-21
[DONE] updated_date=2024-02-08
[START] updated_date=2024-02-22
DONE
DONE
DONE
DONE
DONE
DONE
[DONE] updated_date=2024-02-09
[START] updated_date=2024-02-23
[DONE] updated_date=2024-02-10
[START] updated_date=2024-02-24
[DONE] updated_date=2024-02-13
[DONE] updated_date=2024-02-14
[DONE] updated_date=2024-02-20
[START] updated_date=2024-02-25
[START] updated_date=2024-02-26
[START] updated_date=2024-02-27
[DONE] updated_date=2024-02-19
[START] updated_date=2024-03-01
DONE
DONE
[DONE] updated_date=2024-02-22
[START] updated_date=2024-03-02
[DONE] updated_date=2024-02-21
[START] updated_date=2024-03-03
DONE
DONE
DONE
DONE
DONE
[DONE] updated_date=2024-02-24
[DONE] updated_date=2024-02-26
[START] updated_date=2024-03-04
[START] updated_date=2024-03-06
DONE
[DONE] updated_date=2024-02-25
[START] updated_date=2024-03-07
[DONE] updated_date=2024-02-23
[START] updated_date=2024-03-12
DONE
[DONE] updated_date=2024-03-01
[START] updated_date=2024-03-16
[DONE] updated_date=2024-02-27
[START] updated_date=2024-03-19
DONE
[DONE] updated_date=2024-03-02
[START] updated_date=2024-03-20
[DONE] updated_date=2024-03-03
[START] updated_date=2024-03-22
DONE
DONE
[DONE] updated_date=2024-03-06
[START] updated_date=2024-03-24
DONE
DONE
DONE
[DONE] updated_date=2024-03-07
DONE
[START] updated_date=2024-03-25
[DONE] updated_date=2024-03-04
[START] updated_date=2024-03-26
[DONE] updated_date=2024-03-12
[START] updated_date=2024-03-30
[DONE] updated_date=2024-03-16
[START] updated_date=2024-03-31
DONE
[DONE] updated_date=2024-03-19
[START] updated_date=2024-04-01
DONE
[DONE] updated_date=2024-03-20
[START] updated_date=2024-04-02
[DONE] updated_date=2024-03-22
[START] updated_date=2024-04-03
DONE
DONE
DONE
DONE
[DONE] updated_date=2024-03-24
[START] updated_date=2024-04-04
[DONE] updated_date=2024-03-25
[START] updated_date=2024-04-05
DONE
[DONE] updated_date=2024-03-26
[START] updated_date=2024-04-07
[DONE] updated_date=2024-03-30
DONE
[START] updated_date=2024-04-08
[DONE] updated_date=2024-03-31
[START] updated_date=2024-04-10
[DONE] updated_date=2024-04-01
[START] updated_date=2024-04-11
DONE
DONE
[DONE] updated_date=2024-04-02
[START] updated_date=2024-04-15
[DONE] updated_date=2024-04-03
[START] updated_date=2024-04-23
DONE
DONE
[DONE] updated_date=2024-04-04
[START] updated_date=2024-04-26
DONE
DONE
DONE
[DONE] updated_date=2024-04-05
[START] updated_date=2024-04-29
[DONE] updated_date=2024-04-08
[START] updated_date=2024-04-30
DONE
[DONE] updated_date=2024-04-07
[START] updated_date=2024-05-04
[DONE] updated_date=2024-04-10
[START] updated_date=2024-05-05
[DONE] updated_date=2024-04-11
[START] updated_date=2024-05-17
DONE
DONE
[DONE] updated_date=2024-04-23
[START] updated_date=2024-05-18
[DONE] updated_date=2024-04-15
[START] updated_date=2024-07-02
DONE
[DONE] updated_date=2024-04-26
[START] updated_date=2024-07-03
DONE
DONE
DONE
DONE
DONE
[DONE] updated_date=2024-04-29
[START] updated_date=2024-07-04
[DONE] updated_date=2024-05-17
[START] updated_date=2024-07-11
[DONE] updated_date=2024-05-05
[START] updated_date=2024-07-13
[DONE] updated_date=2024-04-30
[START] updated_date=2024-07-14
[DONE] updated_date=2024-05-04
[START] updated_date=2024-07-15
DONE
DONE
[DONE] updated_date=2024-05-18
[START] updated_date=2024-07-16
[DONE] updated_date=2024-07-02
[START] updated_date=2024-07-17
DONE
[DONE] updated_date=2024-07-03
[START] updated_date=2024-07-18
DONE
DONE
DONE
DONE
DONE
[DONE] updated_date=2024-07-13
[START] updated_date=2024-07-20
[DONE] updated_date=2024-07-04
[START] updated_date=2024-07-22
[DONE] updated_date=2024-07-11
[START] updated_date=2024-07-24
[DONE] updated_date=2024-07-15
[START] updated_date=2024-07-25
[DONE] updated_date=2024-07-14
[START] updated_date=2024-07-26
DONE
DONE
[DONE] updated_date=2024-07-17
[START] updated_date=2024-07-27
[DONE] updated_date=2024-07-16
[START] updated_date=2024-07-29
DONE
[DONE] updated_date=2024-07-18
[START] updated_date=2024-07-31
DONE
DONE
DONE
DONE
DONE
[DONE] updated_date=2024-07-24
[START] updated_date=2024-08-02
[DONE] updated_date=2024-07-20
[START] updated_date=2024-08-03
[DONE] updated_date=2024-07-22
[DONE] updated_date=2024-07-25
[START] updated_date=2024-08-04
[START] updated_date=2024-08-05
[DONE] updated_date=2024-07-26
[START] updated_date=2024-08-06
DONE
[DONE] updated_date=2024-07-27
[START] updated_date=2024-08-07
DONE
[DONE] updated_date=2024-07-29
[START] updated_date=2024-08-10
DONE
[DONE] updated_date=2024-07-31
[START] updated_date=2024-08-14
DONE
DONE
DONE
DONE
DONE
[DONE] updated_date=2024-08-06
[START] updated_date=2024-08-15
[DONE] updated_date=2024-08-02
[START] updated_date=2024-08-16
[DONE] updated_date=2024-08-03
[START] updated_date=2024-08-18
[DONE] updated_date=2024-08-04
[START] updated_date=2024-08-19
[DONE] updated_date=2024-08-05
[START] updated_date=2024-08-21
DONE
DONE
[DONE] updated_date=2024-08-07
[START] updated_date=2024-08-22
[DONE] updated_date=2024-08-10
[START] updated_date=2024-08-23
DONE
[DONE] updated_date=2024-08-14
[START] updated_date=2024-08-24
DONE
DONE
DONE
DONE
DONE
[DONE] updated_date=2024-08-18
[START] updated_date=2024-08-25
[DONE] updated_date=2024-08-15
[START] updated_date=2024-08-27
[DONE] updated_date=2024-08-19
[START] updated_date=2024-08-28
[DONE] updated_date=2024-08-16
[START] updated_date=2024-08-29
[DONE] updated_date=2024-08-21
[START] updated_date=2024-08-31
DONE
DONE
[DONE] updated_date=2024-08-22
[START] updated_date=2024-09-01
[DONE] updated_date=2024-08-23
[START] updated_date=2024-09-02
DONE
[DONE] updated_date=2024-08-24
[START] updated_date=2024-09-03
DONE
DONE
DONE
DONE
DONE
[DONE] updated_date=2024-08-27
[START] updated_date=2024-09-04
[DONE] updated_date=2024-08-28
[START] updated_date=2024-09-05
[DONE] updated_date=2024-08-25
[START] updated_date=2024-09-06
[DONE] updated_date=2024-08-29
[START] updated_date=2024-09-07
[DONE] updated_date=2024-08-31
[START] updated_date=2024-09-08
DONE
[DONE] updated_date=2024-09-01
[START] updated_date=2024-09-09
DONE
[DONE] updated_date=2024-09-02
[START] updated_date=2024-09-10
DONE
[DONE] updated_date=2024-09-03
[START] updated_date=2024-09-11
DONE
DONE
DONE
DONE
DONE
[DONE] updated_date=2024-09-04
[START] updated_date=2024-09-20
[DONE] updated_date=2024-09-05
[START] updated_date=2024-09-25
[DONE] updated_date=2024-09-07
[START] updated_date=2024-09-26
[DONE] updated_date=2024-09-08
[START] updated_date=2024-09-27
[DONE] updated_date=2024-09-06
[START] updated_date=2024-09-29
DONE
[DONE] updated_date=2024-09-09
[START] updated_date=2024-10-01
DONE
[DONE] updated_date=2024-09-10
[START] updated_date=2024-10-02
DONE
[DONE] updated_date=2024-09-11
[START] updated_date=2024-10-03
DONE
[DONE] updated_date=2024-09-20
[START] updated_date=2024-10-04
DONE
[DONE] updated_date=2024-10-04
[START] updated_date=2024-10-05
DONE
[DONE] updated_date=2024-09-29
[START] updated_date=2024-10-06
DONE
[DONE] updated_date=2024-10-02
[START] updated_date=2024-10-07
DONE
[DONE] updated_date=2024-10-05
[START] updated_date=2024-10-09
DONE
[DONE] updated_date=2024-09-27
[START] updated_date=2024-10-11
DONE
[DONE] updated_date=2024-10-06
[START] updated_date=2024-10-25
DONE
[DONE] updated_date=2024-10-07
[START] updated_date=2024-10-26
DONE
[DONE] updated_date=2024-10-09
[START] updated_date=2024-10-27
DONE
DONE
[DONE] updated_date=2024-10-25
[START] updated_date=2024-10-29
[DONE] updated_date=2024-10-11
[START] updated_date=2024-10-30
DONE
DONE
[DONE] updated_date=2024-10-26
[START] updated_date=2024-10-31
[DONE] updated_date=2024-10-01
[START] updated_date=2024-11-01
DONE
[DONE] updated_date=2024-10-27
[START] updated_date=2024-11-02
DONE
DONE
[DONE] updated_date=2024-10-30
[START] updated_date=2024-11-03
DONE
[DONE] updated_date=2024-10-29
[START] updated_date=2024-11-04
[DONE] updated_date=2024-10-03
[START] updated_date=2024-11-06
DONE
DONE
[DONE] updated_date=2024-10-31
[START] updated_date=2024-11-07
[DONE] updated_date=2024-11-01
[START] updated_date=2024-11-09
DONE
[DONE] updated_date=2024-11-02
[START] updated_date=2024-11-10
DONE
DONE
DONE
[DONE] updated_date=2024-11-03
[DONE] updated_date=2024-11-04
[START] updated_date=2024-11-11
[START] updated_date=2024-11-12
[DONE] updated_date=2024-11-06
[START] updated_date=2024-11-15
DONE
DONE
[DONE] updated_date=2024-11-07
[START] updated_date=2024-11-16
[DONE] updated_date=2024-11-09
[START] updated_date=2024-11-18
DONE
[DONE] updated_date=2024-11-10
[START] updated_date=2024-11-19
DONE
DONE
[DONE] updated_date=2024-11-12
[START] updated_date=2024-11-22
DONE
[DONE] updated_date=2024-11-11
[START] updated_date=2024-11-25
[DONE] updated_date=2024-11-15
[START] updated_date=2024-11-27
DONE
[DONE] updated_date=2024-11-16
[START] updated_date=2024-11-28
DONE
[DONE] updated_date=2024-11-18
[START] updated_date=2024-11-29
DONE
[DONE] updated_date=2024-11-19
[START] updated_date=2024-11-30
DONE
DONE
[DONE] updated_date=2024-11-25
[START] updated_date=2024-12-01
[DONE] updated_date=2024-11-22
[START] updated_date=2024-12-02
DONE
[DONE] updated_date=2024-09-26
[START] updated_date=2024-12-03
DONE
[DONE] updated_date=2024-11-27
[START] updated_date=2024-12-04
DONE
[DONE] updated_date=2024-11-29
[START] updated_date=2024-12-05
DONE
[DONE] updated_date=2024-11-30
[START] updated_date=2024-12-09
DONE
[DONE] updated_date=2024-12-01
[START] updated_date=2024-12-14
DONE
[DONE] updated_date=2024-12-03
[START] updated_date=2024-12-15
DONE
[DONE] updated_date=2024-11-28
[START] updated_date=2024-12-16
DONE
[DONE] updated_date=2024-12-02
[START] updated_date=2024-12-17
DONE
[DONE] updated_date=2024-12-17
[START] updated_date=2024-12-19
DONE
[DONE] updated_date=2024-12-19
[START] updated_date=2024-12-20
DONE
[DONE] updated_date=2024-12-04
[START] updated_date=2024-12-21
DONE
[DONE] updated_date=2024-12-20
[START] updated_date=2024-12-23
DONE
[DONE] updated_date=2024-12-21
[START] updated_date=2024-12-24
DONE
[DONE] updated_date=2024-12-23
[START] updated_date=2024-12-25
DONE
[DONE] updated_date=2024-12-05
[START] updated_date=2024-12-26
DONE
[DONE] updated_date=2024-09-25
[START] updated_date=2024-12-27
DONE
[DONE] updated_date=2024-12-25
[START] updated_date=2024-12-30
DONE
[DONE] updated_date=2024-12-27
[START] updated_date=2025-01-01
DONE
[DONE] updated_date=2025-01-01
[START] updated_date=2025-01-02
DONE
[DONE] updated_date=2024-12-26
[START] updated_date=2025-01-03
DONE
[DONE] updated_date=2024-12-24
[START] updated_date=2025-01-04
DONE
[DONE] updated_date=2025-01-04
[START] updated_date=2025-01-05
DONE
[DONE] updated_date=2025-01-05
[START] updated_date=2025-01-06
DONE
DONE
[DONE] updated_date=2024-12-16
[START] updated_date=2025-01-08
[DONE] updated_date=2025-01-06
[START] updated_date=2025-01-09
DONE
[DONE] updated_date=2025-01-08
[START] updated_date=2025-01-10
DONE
[DONE] updated_date=2025-01-09
[START] updated_date=2025-01-11
DONE
[DONE] updated_date=2025-01-03
[START] updated_date=2025-01-12
DONE
[DONE] updated_date=2025-01-02
[START] updated_date=2025-01-13
DONE
[DONE] updated_date=2024-12-30
[START] updated_date=2025-01-14
DONE
[DONE] updated_date=2025-01-13
[START] updated_date=2025-01-15
DONE
DONE
[DONE] updated_date=2025-01-12
DONE
[DONE] updated_date=2025-01-14
[DONE] updated_date=2025-01-10
DONE
[DONE] updated_date=2025-01-11
DONE
[DONE] updated_date=2025-01-15
DONE
[DONE] updated_date=2024-12-15
DONE
[DONE] updated_date=2024-12-09
DONE
[DONE] updated_date=2024-12-14
[INFO] 全部分区尝试完毕。失败清单（如有）在：/tmp/openalex_fails_1762789781.txt
nohup: ignoring input
[START] 2023-05-30
[START] 2023-05-17
[START] 2023-08-05
[START] 2023-08-06
[START] 2023-08-07
[START] 2023-08-08
[START] 2023-08-12
[START] 2023-05-29
DONE
DONE
DONE
DONE
DONE
DONE
DONE
DONE
[DONE] 2023-08-08
[DONE] 2023-08-06
[DONE] 2023-05-29
[DONE] 2023-08-12
[DONE] 2023-05-17
[DONE] 2023-08-05
[DONE] 2023-08-07
[DONE] 2023-05-30
[START] 2023-12-10
[START] 2023-11-12
[START] 2023-11-22
[START] 2023-11-26
[START] 2023-12-13
[START] 2023-08-13
[START] 2023-12-11
[START] 2023-12-14
DONE
DONE
DONE
DONE
DONE
DONE
DONE
DONE
[DONE] 2023-11-12
[DONE] 2023-11-22
[DONE] 2023-12-10
[DONE] 2023-08-13
[DONE] 2023-12-13
[DONE] 2023-11-26
[DONE] 2023-12-11
[DONE] 2023-12-14
[START] 2024-01-06
[START] 2023-12-16
[START] 2023-12-15
[START] 2024-01-08
[START] 2024-01-07
[START] 2024-01-09
[START] 2024-01-10
[START] 2024-01-11
DONE
DONE
DONE
DONE
DONE
DONE
DONE
DONE
[DONE] 2023-12-16
[DONE] 2024-01-09
[DONE] 2024-01-08
[DONE] 2023-12-15
[DONE] 2024-01-07
[DONE] 2024-01-10
[DONE] 2024-01-06
[DONE] 2024-01-11
[START] 2024-01-15
[START] 2024-01-12
[START] 2024-01-14
[START] 2024-01-17
[START] 2024-01-18
[START] 2024-01-22
[START] 2024-01-13
[START] 2024-01-23
DONE
DONE
DONE
DONE
DONE
DONE
DONE
[DONE] 2024-01-14
DONE
[DONE] 2024-01-15
[DONE] 2024-01-17
[DONE] 2024-01-12
[DONE] 2024-01-18
[DONE] 2024-01-22
[DONE] 2024-01-13
[DONE] 2024-01-23
[START] 2024-01-24
[START] 2024-01-27
[START] 2024-01-29
[START] 2024-01-26
[START] 2024-01-30
[START] 2024-01-25
[START] 2024-01-28
[START] 2024-01-31
DONE
DONE
DONE
DONE
DONE
DONE
DONE
DONE
[DONE] 2024-01-26
[DONE] 2024-01-24
[DONE] 2024-01-30
[DONE] 2024-01-29
[DONE] 2024-01-27
[DONE] 2024-01-25
[DONE] 2024-01-31
[DONE] 2024-01-28
[START] 2024-02-01
[START] 2024-02-03
[START] 2024-02-02
[START] 2024-02-06
[START] 2024-02-05
[START] 2024-02-07
[START] 2024-02-08
[START] 2024-02-04
DONE
DONE
DONE
DONE
DONE
DONE
DONE
DONE
[DONE] 2024-02-01
[DONE] 2024-02-06
[DONE] 2024-02-03
[DONE] 2024-02-04
[DONE] 2024-02-08
[DONE] 2024-02-05
[DONE] 2024-02-07
[DONE] 2024-02-02
[START] 2024-02-09
[START] 2024-02-14
[START] 2024-02-13
[START] 2024-02-10
[START] 2024-02-19
[START] 2024-02-20
[START] 2024-02-21
[START] 2024-02-22
DONE
DONE
DONE
DONE
DONE
DONE
DONE
DONE
[DONE] 2024-02-13
[DONE] 2024-02-14
[DONE] 2024-02-19
[DONE] 2024-02-10
[DONE] 2024-02-09
[DONE] 2024-02-20
[DONE] 2024-02-21
[DONE] 2024-02-22
[START] 2024-02-23
[START] 2024-02-26
[START] 2024-02-24
[START] 2024-02-25
[START] 2024-02-27
[START] 2024-03-01
[START] 2024-03-03
[START] 2024-03-02
DONE
DONE
DONE
DONE
DONE
DONE
DONE
DONE
[DONE] 2024-02-27
[DONE] 2024-02-24
[DONE] 2024-02-26
[DONE] 2024-03-01
[DONE] 2024-03-03
[DONE] 2024-03-02
[DONE] 2024-02-23
[DONE] 2024-02-25
[START] 2024-03-19
[START] 2024-03-06
[START] 2024-03-07
[START] 2024-03-04
[START] 2024-03-20
[START] 2024-03-16
[START] 2024-03-12
[START] 2024-03-22
DONE
DONE
DONE
DONE
DONE
DONE
DONE
DONE
[DONE] 2024-03-19
[DONE] 2024-03-07
[DONE] 2024-03-20
[DONE] 2024-03-16
[DONE] 2024-03-04
[DONE] 2024-03-22
[DONE] 2024-03-12
[DONE] 2024-03-06
[START] 2024-03-24
[START] 2024-03-26
[START] 2024-03-25
[START] 2024-04-01
[START] 2024-03-31
[START] 2024-03-30
[START] 2024-04-03
[START] 2024-04-02
DONE
DONE
DONE
DONE
DONE
DONE
DONE
DONE
[DONE] 2024-03-24
[DONE] 2024-03-26
[DONE] 2024-03-30
[DONE] 2024-03-25
[DONE] 2024-04-01
[DONE] 2024-04-02
[DONE] 2024-04-03
[DONE] 2024-03-31
[START] 2024-04-04
[START] 2024-04-05
[START] 2024-04-08
[START] 2024-04-07
[START] 2024-04-15
[START] 2024-04-11
[START] 2024-04-10
[START] 2024-04-23
DONE
DONE
DONE
DONE
DONE
DONE
DONE
[DONE] 2024-04-04
DONE
[DONE] 2024-04-08
[DONE] 2024-04-05
[DONE] 2024-04-07
[DONE] 2024-04-23
[DONE] 2024-04-11
[DONE] 2024-04-10
[DONE] 2024-04-15
[START] 2024-04-26
[START] 2024-04-29
[START] 2024-04-30
[START] 2024-05-17
[START] 2024-05-04
[START] 2024-05-05
[START] 2024-05-18
[START] 2024-07-02
DONE
DONE
DONE
DONE
[DONE] 2024-04-26
DONE
DONE
DONE
DONE
[DONE] 2024-04-30
[DONE] 2024-05-05
[DONE] 2024-07-02
[DONE] 2024-05-17
[DONE] 2024-05-18
[DONE] 2024-05-04
[DONE] 2024-04-29
[START] 2024-07-03
[START] 2024-07-04
[START] 2024-07-13
[START] 2024-07-11
[START] 2024-07-15
[START] 2024-07-14
[START] 2024-07-16
[START] 2024-07-17
DONE
DONE
DONE
DONE
DONE
[DONE] 2024-07-03
DONE
DONE
[DONE] 2024-07-13
DONE
[DONE] 2024-07-04
[DONE] 2024-07-15
[DONE] 2024-07-11
[DONE] 2024-07-17
[DONE] 2024-07-16
[DONE] 2024-07-14
[START] 2024-07-18
[START] 2024-07-20
[START] 2024-07-22
[START] 2024-07-24
[START] 2024-07-26
[START] 2024-07-27
[START] 2024-07-25
[START] 2024-07-29
DONE
DONE
DONE
DONE
DONE
DONE
[DONE] 2024-07-18
DONE
[DONE] 2024-07-22
DONE
[DONE] 2024-07-24
[DONE] 2024-07-26
[DONE] 2024-07-27
[DONE] 2024-07-20
[DONE] 2024-07-29
[DONE] 2024-07-25
[START] 2024-08-03
[START] 2024-07-31
[START] 2024-08-02
[START] 2024-08-04
[START] 2024-08-05
[START] 2024-08-06
[START] 2024-08-07
[START] 2024-08-10
DONE
DONE
DONE
DONE
DONE
DONE
DONE
[DONE] 2024-08-04
[DONE] 2024-08-02
[DONE] 2024-08-03
[DONE] 2024-07-31
[DONE] 2024-08-06
[DONE] 2024-08-05
DONE
[DONE] 2024-08-07
[DONE] 2024-08-10
[START] 2024-08-16
[START] 2024-08-18
[START] 2024-08-21
[START] 2024-08-14
[START] 2024-08-15
[START] 2024-08-19
[START] 2024-08-22
[START] 2024-08-23
DONE
DONE
DONE
DONE
DONE
DONE
DONE
[DONE] 2024-08-16
[DONE] 2024-08-21
[DONE] 2024-08-18
[DONE] 2024-08-22
DONE
[DONE] 2024-08-14
[DONE] 2024-08-15
[DONE] 2024-08-19
[DONE] 2024-08-23
[START] 2024-08-24
[START] 2024-08-25
[START] 2024-08-27
[START] 2024-09-01
[START] 2024-08-29
[START] 2024-08-31
[START] 2024-08-28
[START] 2024-09-02
DONE
DONE
DONE
DONE
DONE
DONE
DONE
[DONE] 2024-08-25
[DONE] 2024-09-01
[DONE] 2024-08-31
[DONE] 2024-08-24
DONE
[DONE] 2024-08-29
[DONE] 2024-08-27
[DONE] 2024-08-28
[DONE] 2024-09-02
[START] 2024-09-03
[START] 2024-09-04
[START] 2024-09-05
[START] 2024-09-06
[START] 2024-09-08
[START] 2024-09-07
[START] 2024-09-09
[START] 2024-09-10
DONE
DONE
DONE
DONE
DONE
DONE
DONE
DONE
[DONE] 2024-09-03
[DONE] 2024-09-08
[DONE] 2024-09-04
[DONE] 2024-09-05
[DONE] 2024-09-06
[DONE] 2024-09-07
[DONE] 2024-09-10
[DONE] 2024-09-09
[START] 2024-09-11
[START] 2024-09-20
[START] 2024-09-26
[START] 2024-09-25
[START] 2024-09-27
[START] 2024-10-01
[START] 2024-09-29
[START] 2024-10-02
DONE
DONE
DONE
DONE
DONE
DONE
DONE
DONE
[DONE] 2024-09-11
[DONE] 2024-09-26
[DONE] 2024-09-27
[DONE] 2024-09-20
[DONE] 2024-09-25
[DONE] 2024-09-29
[DONE] 2024-10-01
[DONE] 2024-10-02
[START] 2024-10-06
[START] 2024-10-05
[START] 2024-10-04
[START] 2024-10-07
[START] 2024-10-03
[START] 2024-10-11
[START] 2024-10-25
[START] 2024-10-09
DONE
DONE
DONE
DONE
DONE
DONE
DONE
DONE
[DONE] 2024-10-03
[DONE] 2024-10-05
[DONE] 2024-10-06
[DONE] 2024-10-07
[DONE] 2024-10-11
[DONE] 2024-10-09
[DONE] 2024-10-04
[DONE] 2024-10-25
[START] 2024-10-31
[START] 2024-10-26
[START] 2024-10-29
[START] 2024-10-27
[START] 2024-10-30
[START] 2024-11-02
[START] 2024-11-01
[START] 2024-11-03
DONE
DONE
DONE
DONE
DONE
DONE
DONE
[DONE] 2024-10-29
[DONE] 2024-11-02
[DONE] 2024-10-26
[DONE] 2024-10-31
DONE
[DONE] 2024-11-01
[DONE] 2024-11-03
[DONE] 2024-10-27
[DONE] 2024-10-30
[START] 2024-11-06
[START] 2024-11-04
[START] 2024-11-09
[START] 2024-11-10
[START] 2024-11-11
[START] 2024-11-07
[START] 2024-11-12
[START] 2024-11-15
DONE
DONE
DONE
DONE
DONE
DONE
DONE
[DONE] 2024-11-09
[DONE] 2024-11-06
[DONE] 2024-11-04
[DONE] 2024-11-11
[DONE] 2024-11-12
[DONE] 2024-11-07
[DONE] 2024-11-10
DONE
[DONE] 2024-11-15
[START] 2024-11-18
[START] 2024-11-16
[START] 2024-11-22
[START] 2024-11-25
[START] 2024-11-28
[START] 2024-11-19
[START] 2024-11-27
[START] 2024-11-29
DONE
DONE
DONE
DONE
DONE
DONE
DONE
[DONE] 2024-11-18
[DONE] 2024-11-16
[DONE] 2024-11-25
[DONE] 2024-11-22
[DONE] 2024-11-19
[DONE] 2024-11-28
[DONE] 2024-11-27
DONE
[DONE] 2024-11-29
[START] 2024-12-01
[START] 2024-12-02
[START] 2024-11-30
[START] 2024-12-05
[START] 2024-12-03
[START] 2024-12-04
[START] 2024-12-09
[START] 2024-12-14
DONE
DONE
DONE
DONE
DONE
DONE
[DONE] 2024-12-01
[DONE] 2024-12-02
[DONE] 2024-11-30
[DONE] 2024-12-05
DONE
[DONE] 2024-12-04
[DONE] 2024-12-03
[DONE] 2024-12-09
DONE
[DONE] 2024-12-14
[START] 2024-12-16
[START] 2024-12-15
[START] 2024-12-19
[START] 2024-12-17
[START] 2024-12-20
[START] 2024-12-23
[START] 2024-12-21
[START] 2024-12-24
DONE
DONE
DONE
[DONE] 2024-12-15
DONE
DONE
[DONE] 2024-12-16
DONE
[DONE] 2024-12-19
[DONE] 2024-12-17
[DONE] 2024-12-23
[DONE] 2024-12-20
DONE
DONE
[DONE] 2024-12-24
[DONE] 2024-12-21
[START] 2024-12-25
[START] 2024-12-26
[START] 2024-12-27
[START] 2024-12-30
[START] 2025-01-01
[START] 2025-01-02
[START] 2025-01-03
[START] 2025-01-04
DONE
DONE
DONE
DONE
DONE
[DONE] 2024-12-25
[DONE] 2024-12-27
DONE
[DONE] 2024-12-26
[DONE] 2025-01-01
[DONE] 2024-12-30
[DONE] 2025-01-02
DONE
DONE
[DONE] 2025-01-03
[DONE] 2025-01-04
[START] 2025-01-05
[START] 2025-01-06
[START] 2025-01-08
[START] 2025-01-09
[START] 2025-01-10
[START] 2025-01-11
[START] 2025-01-12
[START] 2025-01-13
DONE
DONE
DONE
DONE
DONE
[DONE] 2025-01-05
[DONE] 2025-01-06
[DONE] 2025-01-08
[DONE] 2025-01-09
[DONE] 2025-01-10
DONE
[DONE] 2025-01-11
DONE
DONE
[DONE] 2025-01-12
[DONE] 2025-01-13
[START] 2025-01-15
[START] 2025-01-14
DONE
DONE
[DONE] 2025-01-15
[DONE] 2025-01-14
